<?xml version="1.0" encoding="UTF-8"?>
<testng-results ignored="0" total="7" passed="7" failed="0" skipped="0">
  <reporter-output>
  </reporter-output>
  <suite started-at="2022-07-01T17:03:59 IST" name="Default suite" finished-at="2022-07-01T17:04:13 IST" duration-ms="14825">
    <groups>
    </groups>
    <test started-at="2022-07-01T17:03:59 IST" name="Default test" finished-at="2022-07-01T17:04:13 IST" duration-ms="14825">
      <class name="API_project.project">
        <test-method signature="PostUser(java.lang.String,java.lang.String,java.lang.String,java.lang.String,java.lang.String,java.lang.String,java.lang.String,java.lang.String)[pri:1, instance:API_project.project@69e1dd28]" started-at="2022-07-01T17:03:59 IST" name="PostUser" data-provider="provider" finished-at="2022-07-01T17:04:02 IST" duration-ms="3401" status="PASS">
          <params>
            <param index="0">
              <value>
                <![CDATA[1]]>
              </value>
            </param>
            <param index="1">
              <value>
                <![CDATA[vharish172]]>
              </value>
            </param>
            <param index="2">
              <value>
                <![CDATA[Harish]]>
              </value>
            </param>
            <param index="3">
              <value>
                <![CDATA[V]]>
              </value>
            </param>
            <param index="4">
              <value>
                <![CDATA[test@test.com]]>
              </value>
            </param>
            <param index="5">
              <value>
                <![CDATA[123456789]]>
              </value>
            </param>
            <param index="6">
              <value>
                <![CDATA[9488630936]]>
              </value>
            </param>
            <param index="7">
              <value>
                <![CDATA[1]]>
              </value>
            </param>
          </params>
          <reporter-output>
          </reporter-output>
        </test-method> <!-- PostUser -->
        <test-method signature="PostUser(java.lang.String,java.lang.String,java.lang.String,java.lang.String,java.lang.String,java.lang.String,java.lang.String,java.lang.String)[pri:1, instance:API_project.project@69e1dd28]" started-at="2022-07-01T17:04:02 IST" name="PostUser" data-provider="provider" finished-at="2022-07-01T17:04:03 IST" duration-ms="1437" status="PASS">
          <params>
            <param index="0">
              <value>
                <![CDATA[2]]>
              </value>
            </param>
            <param index="1">
              <value>
                <![CDATA[rangu123]]>
              </value>
            </param>
            <param index="2">
              <value>
                <![CDATA[Rangan]]>
              </value>
            </param>
            <param index="3">
              <value>
                <![CDATA[Kabilan]]>
              </value>
            </param>
            <param index="4">
              <value>
                <![CDATA[rangi@gmail.com]]>
              </value>
            </param>
            <param index="5">
              <value>
                <![CDATA[123456789]]>
              </value>
            </param>
            <param index="6">
              <value>
                <![CDATA[971234567]]>
              </value>
            </param>
            <param index="7">
              <value>
                <![CDATA[2]]>
              </value>
            </param>
          </params>
          <reporter-output>
          </reporter-output>
        </test-method> <!-- PostUser -->
        <test-method signature="GetUser()[pri:2, instance:API_project.project@69e1dd28]" started-at="2022-07-01T17:04:03 IST" name="GetUser" finished-at="2022-07-01T17:04:06 IST" duration-ms="2930" status="PASS">
          <reporter-output>
          </reporter-output>
        </test-method> <!-- GetUser -->
        <test-method signature="LoginUser(java.lang.String,java.lang.String,java.lang.String,java.lang.String,java.lang.String,java.lang.String,java.lang.String,java.lang.String)[pri:3, instance:API_project.project@69e1dd28]" started-at="2022-07-01T17:04:06 IST" name="LoginUser" data-provider="provider" finished-at="2022-07-01T17:04:08 IST" duration-ms="1438" status="PASS">
          <params>
            <param index="0">
              <value>
                <![CDATA[1]]>
              </value>
            </param>
            <param index="1">
              <value>
                <![CDATA[vharish172]]>
              </value>
            </param>
            <param index="2">
              <value>
                <![CDATA[Harish]]>
              </value>
            </param>
            <param index="3">
              <value>
                <![CDATA[V]]>
              </value>
            </param>
            <param index="4">
              <value>
                <![CDATA[test@test.com]]>
              </value>
            </param>
            <param index="5">
              <value>
                <![CDATA[123456789]]>
              </value>
            </param>
            <param index="6">
              <value>
                <![CDATA[9488630936]]>
              </value>
            </param>
            <param index="7">
              <value>
                <![CDATA[1]]>
              </value>
            </param>
          </params>
          <reporter-output>
          </reporter-output>
        </test-method> <!-- LoginUser -->
        <test-method signature="LoginUser(java.lang.String,java.lang.String,java.lang.String,java.lang.String,java.lang.String,java.lang.String,java.lang.String,java.lang.String)[pri:3, instance:API_project.project@69e1dd28]" started-at="2022-07-01T17:04:08 IST" name="LoginUser" data-provider="provider" finished-at="2022-07-01T17:04:09 IST" duration-ms="1362" status="PASS">
          <params>
            <param index="0">
              <value>
                <![CDATA[2]]>
              </value>
            </param>
            <param index="1">
              <value>
                <![CDATA[rangu123]]>
              </value>
            </param>
            <param index="2">
              <value>
                <![CDATA[Rangan]]>
              </value>
            </param>
            <param index="3">
              <value>
                <![CDATA[Kabilan]]>
              </value>
            </param>
            <param index="4">
              <value>
                <![CDATA[rangi@gmail.com]]>
              </value>
            </param>
            <param index="5">
              <value>
                <![CDATA[123456789]]>
              </value>
            </param>
            <param index="6">
              <value>
                <![CDATA[971234567]]>
              </value>
            </param>
            <param index="7">
              <value>
                <![CDATA[2]]>
              </value>
            </param>
          </params>
          <reporter-output>
          </reporter-output>
        </test-method> <!-- LoginUser -->
        <test-method signature="PutUser()[pri:4, instance:API_project.project@69e1dd28]" started-at="2022-07-01T17:04:09 IST" name="PutUser" finished-at="2022-07-01T17:04:11 IST" duration-ms="1433" status="PASS">
          <reporter-output>
          </reporter-output>
        </test-method> <!-- PutUser -->
        <test-method signature="DeleteUser()[pri:5, instance:API_project.project@69e1dd28]" started-at="2022-07-01T17:04:11 IST" name="DeleteUser" finished-at="2022-07-01T17:04:13 IST" duration-ms="2762" status="PASS">
          <reporter-output>
          </reporter-output>
        </test-method> <!-- DeleteUser -->
      </class> <!-- API_project.project -->
    </test> <!-- Default test -->
  </suite> <!-- Default suite -->
</testng-results>
