<?xml version="1.0" encoding="UTF-8"?>
<!-- Generated by org.testng.reporters.JUnitXMLReporter -->
<testsuite ignored="0" hostname="IBM-GBQ8QM3" failures="0" tests="7" name="Default test" time="14.825" errors="0" timestamp="2022-07-01T17:04:13 IST">
  <testcase classname="API_project.project" name="PostUser" time="3.401"/>
  <testcase classname="API_project.project" name="PostUser" time="1.437"/>
  <testcase classname="API_project.project" name="GetUser" time="2.93"/>
  <testcase classname="API_project.project" name="LoginUser" time="1.438"/>
  <testcase classname="API_project.project" name="LoginUser" time="1.362"/>
  <testcase classname="API_project.project" name="PutUser" time="1.433"/>
  <testcase classname="API_project.project" name="DeleteUser" time="2.762"/>
</testsuite> <!-- Default test -->
